// This is where an access log would be created
::1 - - [25/Apr/2022:20:43:55 +0000] "GET /app/log/access HTTP/1.1" 200 2136 "-" "Mozilla/5.0 (Windows NT 10.0; Win64; x64) AppleWebKit/537.36 (KHTML, like Gecko) Chrome/100.0.4896.127 Safari/537.36"
::1 - - [25/Apr/2022:20:44:55 +0000] "GET /app/log/access HTTP/1.1" 200 2441 "-" "Mozilla/5.0 (Windows NT 10.0; Win64; x64) AppleWebKit/537.36 (KHTML, like Gecko) Chrome/100.0.4896.127 Safari/537.36"
::1 - - [25/Apr/2022:20:44:56 +0000] "GET /app/log/access HTTP/1.1" 200 2746 "-" "Mozilla/5.0 (Windows NT 10.0; Win64; x64) AppleWebKit/537.36 (KHTML, like Gecko) Chrome/100.0.4896.127 Safari/537.36"
::1 - - [25/Apr/2022:22:34:33 +0000] "GET /app/flip HTTP/1.1" 304 - "http://localhost:5000/" "Mozilla/5.0 (Windows NT 10.0; Win64; x64) AppleWebKit/537.36 (KHTML, like Gecko) Chrome/100.0.4896.127 Safari/537.36"
::1 - - [25/Apr/2022:22:34:35 +0000] "GET /app/flip HTTP/1.1" 200 16 "http://localhost:5000/" "Mozilla/5.0 (Windows NT 10.0; Win64; x64) AppleWebKit/537.36 (KHTML, like Gecko) Chrome/100.0.4896.127 Safari/537.36"
::1 - - [25/Apr/2022:22:35:01 +0000] "GET /app/flip HTTP/1.1" 304 - "http://localhost:5000/" "Mozilla/5.0 (Linux; Android 6.0; Nexus 5 Build/MRA58N) AppleWebKit/537.36 (KHTML, like Gecko) Chrome/100.0.4896.127 Mobile Safari/537.36"
::1 - - [25/Apr/2022:22:37:13 +0000] "GET /app/flip HTTP/1.1" 304 - "http://localhost:5000/" "Mozilla/5.0 (Linux; Android 6.0; Nexus 5 Build/MRA58N) AppleWebKit/537.36 (KHTML, like Gecko) Chrome/100.0.4896.127 Mobile Safari/537.36"
::1 - - [25/Apr/2022:22:37:14 +0000] "GET /app/flip HTTP/1.1" 304 - "http://localhost:5000/" "Mozilla/5.0 (Linux; Android 6.0; Nexus 5 Build/MRA58N) AppleWebKit/537.36 (KHTML, like Gecko) Chrome/100.0.4896.127 Mobile Safari/537.36"
::1 - - [25/Apr/2022:22:37:15 +0000] "GET /app/flip HTTP/1.1" 200 16 "http://localhost:5000/" "Mozilla/5.0 (Linux; Android 6.0; Nexus 5 Build/MRA58N) AppleWebKit/537.36 (KHTML, like Gecko) Chrome/100.0.4896.127 Mobile Safari/537.36"
::1 - - [25/Apr/2022:22:37:15 +0000] "GET /app/flip HTTP/1.1" 200 16 "http://localhost:5000/" "Mozilla/5.0 (Linux; Android 6.0; Nexus 5 Build/MRA58N) AppleWebKit/537.36 (KHTML, like Gecko) Chrome/100.0.4896.127 Mobile Safari/537.36"
::1 - - [25/Apr/2022:22:39:55 +0000] "GET /app/flip HTTP/1.1" 200 16 "http://localhost:5000/" "Mozilla/5.0 (Windows NT 10.0; Win64; x64) AppleWebKit/537.36 (KHTML, like Gecko) Chrome/100.0.4896.127 Safari/537.36"
::1 - - [25/Apr/2022:22:41:55 +0000] "GET /coin.jpg HTTP/1.1" 404 13 "http://localhost:5000/" "Mozilla/5.0 (Windows NT 10.0; Win64; x64) AppleWebKit/537.36 (KHTML, like Gecko) Chrome/100.0.4896.127 Safari/537.36"
::1 - - [25/Apr/2022:22:44:41 +0000] "GET /app/flip HTTP/1.1" 304 - "http://localhost:5000/" "Mozilla/5.0 (Windows NT 10.0; Win64; x64) AppleWebKit/537.36 (KHTML, like Gecko) Chrome/100.0.4896.127 Safari/537.36"
::1 - - [25/Apr/2022:22:44:41 +0000] "GET /undefined.jpg HTTP/1.1" 404 13 "http://localhost:5000/" "Mozilla/5.0 (Windows NT 10.0; Win64; x64) AppleWebKit/537.36 (KHTML, like Gecko) Chrome/100.0.4896.127 Safari/537.36"
::1 - - [25/Apr/2022:22:45:18 +0000] "GET /app/flip HTTP/1.1" 304 - "http://localhost:5000/" "Mozilla/5.0 (Windows NT 10.0; Win64; x64) AppleWebKit/537.36 (KHTML, like Gecko) Chrome/100.0.4896.127 Safari/537.36"
::1 - - [25/Apr/2022:22:45:18 +0000] "GET /assets/img/tails.jpg HTTP/1.1" 404 13 "http://localhost:5000/" "Mozilla/5.0 (Windows NT 10.0; Win64; x64) AppleWebKit/537.36 (KHTML, like Gecko) Chrome/100.0.4896.127 Safari/537.36"
::1 - - [25/Apr/2022:22:45:27 +0000] "GET /app/flip HTTP/1.1" 304 - "http://localhost:5000/" "Mozilla/5.0 (Windows NT 10.0; Win64; x64) AppleWebKit/537.36 (KHTML, like Gecko) Chrome/100.0.4896.127 Safari/537.36"
::1 - - [25/Apr/2022:22:45:35 +0000] "GET /app/flip HTTP/1.1" 200 16 "http://localhost:5000/" "Mozilla/5.0 (Windows NT 10.0; Win64; x64) AppleWebKit/537.36 (KHTML, like Gecko) Chrome/100.0.4896.127 Safari/537.36"
::1 - - [25/Apr/2022:22:45:41 +0000] "GET /app/flip HTTP/1.1" 304 - "http://localhost:5000/" "Mozilla/5.0 (Windows NT 10.0; Win64; x64) AppleWebKit/537.36 (KHTML, like Gecko) Chrome/100.0.4896.127 Safari/537.36"
::1 - - [25/Apr/2022:22:45:41 +0000] "GET /app/flip HTTP/1.1" 200 16 "http://localhost:5000/" "Mozilla/5.0 (Windows NT 10.0; Win64; x64) AppleWebKit/537.36 (KHTML, like Gecko) Chrome/100.0.4896.127 Safari/537.36"
::1 - - [25/Apr/2022:22:45:42 +0000] "GET /app/flip HTTP/1.1" 304 - "http://localhost:5000/" "Mozilla/5.0 (Windows NT 10.0; Win64; x64) AppleWebKit/537.36 (KHTML, like Gecko) Chrome/100.0.4896.127 Safari/537.36"
::1 - - [25/Apr/2022:22:45:43 +0000] "GET /app/flip HTTP/1.1" 200 16 "http://localhost:5000/" "Mozilla/5.0 (Windows NT 10.0; Win64; x64) AppleWebKit/537.36 (KHTML, like Gecko) Chrome/100.0.4896.127 Safari/537.36"
::1 - - [25/Apr/2022:22:45:44 +0000] "GET /app/flip HTTP/1.1" 200 16 "http://localhost:5000/" "Mozilla/5.0 (Windows NT 10.0; Win64; x64) AppleWebKit/537.36 (KHTML, like Gecko) Chrome/100.0.4896.127 Safari/537.36"
::1 - - [25/Apr/2022:22:45:44 +0000] "GET /app/flip HTTP/1.1" 304 - "http://localhost:5000/" "Mozilla/5.0 (Windows NT 10.0; Win64; x64) AppleWebKit/537.36 (KHTML, like Gecko) Chrome/100.0.4896.127 Safari/537.36"
::1 - - [25/Apr/2022:22:45:45 +0000] "GET /app/flip HTTP/1.1" 200 16 "http://localhost:5000/" "Mozilla/5.0 (Windows NT 10.0; Win64; x64) AppleWebKit/537.36 (KHTML, like Gecko) Chrome/100.0.4896.127 Safari/537.36"
::1 - - [25/Apr/2022:22:45:46 +0000] "GET /app/flip HTTP/1.1" 304 - "http://localhost:5000/" "Mozilla/5.0 (Windows NT 10.0; Win64; x64) AppleWebKit/537.36 (KHTML, like Gecko) Chrome/100.0.4896.127 Safari/537.36"
::1 - - [25/Apr/2022:22:45:46 +0000] "GET /app/flip HTTP/1.1" 304 - "http://localhost:5000/" "Mozilla/5.0 (Windows NT 10.0; Win64; x64) AppleWebKit/537.36 (KHTML, like Gecko) Chrome/100.0.4896.127 Safari/537.36"
::1 - - [25/Apr/2022:22:45:47 +0000] "GET /app/flip HTTP/1.1" 304 - "http://localhost:5000/" "Mozilla/5.0 (Windows NT 10.0; Win64; x64) AppleWebKit/537.36 (KHTML, like Gecko) Chrome/100.0.4896.127 Safari/537.36"
::1 - - [25/Apr/2022:22:45:47 +0000] "GET /app/flip HTTP/1.1" 200 16 "http://localhost:5000/" "Mozilla/5.0 (Windows NT 10.0; Win64; x64) AppleWebKit/537.36 (KHTML, like Gecko) Chrome/100.0.4896.127 Safari/537.36"
::1 - - [25/Apr/2022:22:45:48 +0000] "GET /app/flip HTTP/1.1" 200 16 "http://localhost:5000/" "Mozilla/5.0 (Windows NT 10.0; Win64; x64) AppleWebKit/537.36 (KHTML, like Gecko) Chrome/100.0.4896.127 Safari/537.36"
::1 - - [25/Apr/2022:22:45:48 +0000] "GET /app/flip HTTP/1.1" 304 - "http://localhost:5000/" "Mozilla/5.0 (Windows NT 10.0; Win64; x64) AppleWebKit/537.36 (KHTML, like Gecko) Chrome/100.0.4896.127 Safari/537.36"
::1 - - [25/Apr/2022:22:45:49 +0000] "GET /app/flip HTTP/1.1" 304 - "http://localhost:5000/" "Mozilla/5.0 (Windows NT 10.0; Win64; x64) AppleWebKit/537.36 (KHTML, like Gecko) Chrome/100.0.4896.127 Safari/537.36"
::1 - - [25/Apr/2022:22:45:49 +0000] "GET /app/flip HTTP/1.1" 304 - "http://localhost:5000/" "Mozilla/5.0 (Windows NT 10.0; Win64; x64) AppleWebKit/537.36 (KHTML, like Gecko) Chrome/100.0.4896.127 Safari/537.36"
::1 - - [25/Apr/2022:22:45:50 +0000] "GET /app/flip HTTP/1.1" 304 - "http://localhost:5000/" "Mozilla/5.0 (Windows NT 10.0; Win64; x64) AppleWebKit/537.36 (KHTML, like Gecko) Chrome/100.0.4896.127 Safari/537.36"
::1 - - [25/Apr/2022:22:45:50 +0000] "GET /app/flip HTTP/1.1" 200 16 "http://localhost:5000/" "Mozilla/5.0 (Windows NT 10.0; Win64; x64) AppleWebKit/537.36 (KHTML, like Gecko) Chrome/100.0.4896.127 Safari/537.36"
::1 - - [25/Apr/2022:22:45:51 +0000] "GET /app/flip HTTP/1.1" 304 - "http://localhost:5000/" "Mozilla/5.0 (Windows NT 10.0; Win64; x64) AppleWebKit/537.36 (KHTML, like Gecko) Chrome/100.0.4896.127 Safari/537.36"
::1 - - [25/Apr/2022:22:45:51 +0000] "GET /app/flip HTTP/1.1" 304 - "http://localhost:5000/" "Mozilla/5.0 (Windows NT 10.0; Win64; x64) AppleWebKit/537.36 (KHTML, like Gecko) Chrome/100.0.4896.127 Safari/537.36"
::1 - - [25/Apr/2022:22:45:52 +0000] "GET /app/flip HTTP/1.1" 200 16 "http://localhost:5000/" "Mozilla/5.0 (Windows NT 10.0; Win64; x64) AppleWebKit/537.36 (KHTML, like Gecko) Chrome/100.0.4896.127 Safari/537.36"
::1 - - [25/Apr/2022:22:45:52 +0000] "GET /app/flip HTTP/1.1" 200 16 "http://localhost:5000/" "Mozilla/5.0 (Windows NT 10.0; Win64; x64) AppleWebKit/537.36 (KHTML, like Gecko) Chrome/100.0.4896.127 Safari/537.36"
::1 - - [25/Apr/2022:22:45:52 +0000] "GET /app/flip HTTP/1.1" 200 16 "http://localhost:5000/" "Mozilla/5.0 (Windows NT 10.0; Win64; x64) AppleWebKit/537.36 (KHTML, like Gecko) Chrome/100.0.4896.127 Safari/537.36"
::1 - - [25/Apr/2022:22:45:53 +0000] "GET /app/flip HTTP/1.1" 304 - "http://localhost:5000/" "Mozilla/5.0 (Windows NT 10.0; Win64; x64) AppleWebKit/537.36 (KHTML, like Gecko) Chrome/100.0.4896.127 Safari/537.36"
::1 - - [25/Apr/2022:22:45:53 +0000] "GET /app/flip HTTP/1.1" 200 16 "http://localhost:5000/" "Mozilla/5.0 (Windows NT 10.0; Win64; x64) AppleWebKit/537.36 (KHTML, like Gecko) Chrome/100.0.4896.127 Safari/537.36"
::1 - - [25/Apr/2022:22:45:53 +0000] "GET /app/flip HTTP/1.1" 304 - "http://localhost:5000/" "Mozilla/5.0 (Windows NT 10.0; Win64; x64) AppleWebKit/537.36 (KHTML, like Gecko) Chrome/100.0.4896.127 Safari/537.36"
::1 - - [25/Apr/2022:22:45:53 +0000] "GET /app/flip HTTP/1.1" 304 - "http://localhost:5000/" "Mozilla/5.0 (Windows NT 10.0; Win64; x64) AppleWebKit/537.36 (KHTML, like Gecko) Chrome/100.0.4896.127 Safari/537.36"
::1 - - [25/Apr/2022:22:45:54 +0000] "GET /app/flip HTTP/1.1" 304 - "http://localhost:5000/" "Mozilla/5.0 (Windows NT 10.0; Win64; x64) AppleWebKit/537.36 (KHTML, like Gecko) Chrome/100.0.4896.127 Safari/537.36"
::1 - - [25/Apr/2022:22:45:54 +0000] "GET /app/flip HTTP/1.1" 200 16 "http://localhost:5000/" "Mozilla/5.0 (Windows NT 10.0; Win64; x64) AppleWebKit/537.36 (KHTML, like Gecko) Chrome/100.0.4896.127 Safari/537.36"
::1 - - [25/Apr/2022:22:45:54 +0000] "GET /app/flip HTTP/1.1" 200 16 "http://localhost:5000/" "Mozilla/5.0 (Windows NT 10.0; Win64; x64) AppleWebKit/537.36 (KHTML, like Gecko) Chrome/100.0.4896.127 Safari/537.36"
::1 - - [25/Apr/2022:22:45:54 +0000] "GET /app/flip HTTP/1.1" 304 - "http://localhost:5000/" "Mozilla/5.0 (Windows NT 10.0; Win64; x64) AppleWebKit/537.36 (KHTML, like Gecko) Chrome/100.0.4896.127 Safari/537.36"
::1 - - [25/Apr/2022:22:45:55 +0000] "GET /app/flip HTTP/1.1" 200 16 "http://localhost:5000/" "Mozilla/5.0 (Windows NT 10.0; Win64; x64) AppleWebKit/537.36 (KHTML, like Gecko) Chrome/100.0.4896.127 Safari/537.36"
::1 - - [25/Apr/2022:22:45:55 +0000] "GET /app/flip HTTP/1.1" 200 16 "http://localhost:5000/" "Mozilla/5.0 (Windows NT 10.0; Win64; x64) AppleWebKit/537.36 (KHTML, like Gecko) Chrome/100.0.4896.127 Safari/537.36"
::1 - - [25/Apr/2022:22:45:55 +0000] "GET /app/flip HTTP/1.1" 200 16 "http://localhost:5000/" "Mozilla/5.0 (Windows NT 10.0; Win64; x64) AppleWebKit/537.36 (KHTML, like Gecko) Chrome/100.0.4896.127 Safari/537.36"
::1 - - [25/Apr/2022:22:46:03 +0000] "GET /app/flip HTTP/1.1" 304 - "http://localhost:5000/" "Mozilla/5.0 (Windows NT 10.0; Win64; x64) AppleWebKit/537.36 (KHTML, like Gecko) Chrome/100.0.4896.127 Safari/537.36"
::1 - - [25/Apr/2022:22:46:05 +0000] "GET /app/flip HTTP/1.1" 200 16 "http://localhost:5000/" "Mozilla/5.0 (Windows NT 10.0; Win64; x64) AppleWebKit/537.36 (KHTML, like Gecko) Chrome/100.0.4896.127 Safari/537.36"
::1 - - [25/Apr/2022:22:46:06 +0000] "GET /app/flip HTTP/1.1" 304 - "http://localhost:5000/" "Mozilla/5.0 (Windows NT 10.0; Win64; x64) AppleWebKit/537.36 (KHTML, like Gecko) Chrome/100.0.4896.127 Safari/537.36"
::1 - - [25/Apr/2022:22:46:07 +0000] "GET /app/flip HTTP/1.1" 200 16 "http://localhost:5000/" "Mozilla/5.0 (Windows NT 10.0; Win64; x64) AppleWebKit/537.36 (KHTML, like Gecko) Chrome/100.0.4896.127 Safari/537.36"
::1 - - [25/Apr/2022:22:46:10 +0000] "GET /app/flip HTTP/1.1" 200 16 "http://localhost:5000/" "Mozilla/5.0 (Windows NT 10.0; Win64; x64) AppleWebKit/537.36 (KHTML, like Gecko) Chrome/100.0.4896.127 Safari/537.36"
::1 - - [25/Apr/2022:22:46:15 +0000] "GET /app/flip HTTP/1.1" 304 - "http://localhost:5000/" "Mozilla/5.0 (Windows NT 10.0; Win64; x64) AppleWebKit/537.36 (KHTML, like Gecko) Chrome/100.0.4896.127 Safari/537.36"
::1 - - [25/Apr/2022:22:46:18 +0000] "GET /app/flip HTTP/1.1" 304 - "http://localhost:5000/" "Mozilla/5.0 (Windows NT 10.0; Win64; x64) AppleWebKit/537.36 (KHTML, like Gecko) Chrome/100.0.4896.127 Safari/537.36"
::1 - - [25/Apr/2022:22:46:19 +0000] "GET /app/flip HTTP/1.1" 200 16 "http://localhost:5000/" "Mozilla/5.0 (Windows NT 10.0; Win64; x64) AppleWebKit/537.36 (KHTML, like Gecko) Chrome/100.0.4896.127 Safari/537.36"
::1 - - [25/Apr/2022:22:46:20 +0000] "GET /app/flip HTTP/1.1" 304 - "http://localhost:5000/" "Mozilla/5.0 (Windows NT 10.0; Win64; x64) AppleWebKit/537.36 (KHTML, like Gecko) Chrome/100.0.4896.127 Safari/537.36"
::1 - - [25/Apr/2022:22:46:21 +0000] "GET /app/flip HTTP/1.1" 304 - "http://localhost:5000/" "Mozilla/5.0 (Windows NT 10.0; Win64; x64) AppleWebKit/537.36 (KHTML, like Gecko) Chrome/100.0.4896.127 Safari/537.36"
::1 - - [25/Apr/2022:22:46:21 +0000] "GET /app/flip HTTP/1.1" 200 16 "http://localhost:5000/" "Mozilla/5.0 (Windows NT 10.0; Win64; x64) AppleWebKit/537.36 (KHTML, like Gecko) Chrome/100.0.4896.127 Safari/537.36"
::1 - - [25/Apr/2022:22:46:22 +0000] "GET /app/flip HTTP/1.1" 304 - "http://localhost:5000/" "Mozilla/5.0 (Windows NT 10.0; Win64; x64) AppleWebKit/537.36 (KHTML, like Gecko) Chrome/100.0.4896.127 Safari/537.36"
::1 - - [25/Apr/2022:22:46:23 +0000] "GET /app/flip HTTP/1.1" 304 - "http://localhost:5000/" "Mozilla/5.0 (Windows NT 10.0; Win64; x64) AppleWebKit/537.36 (KHTML, like Gecko) Chrome/100.0.4896.127 Safari/537.36"
::1 - - [25/Apr/2022:22:46:23 +0000] "GET /app/flip HTTP/1.1" 304 - "http://localhost:5000/" "Mozilla/5.0 (Windows NT 10.0; Win64; x64) AppleWebKit/537.36 (KHTML, like Gecko) Chrome/100.0.4896.127 Safari/537.36"
::1 - - [25/Apr/2022:22:46:24 +0000] "GET /app/flip HTTP/1.1" 304 - "http://localhost:5000/" "Mozilla/5.0 (Windows NT 10.0; Win64; x64) AppleWebKit/537.36 (KHTML, like Gecko) Chrome/100.0.4896.127 Safari/537.36"
